0: jdbc:hive2://localhost:10000> desc formatted imdb_parquet_bucketed;
+-------------------------------+----------------------------------------------------+-----------------------------+
|           col_name            |                     data_type                      |           comment           |
+-------------------------------+----------------------------------------------------+-----------------------------+
| # col_name                    | data_type                                          | comment                     |
|                               | NULL                                               | NULL                        |
| rank                          | int                                                |                             |
| title                         | string                                             |                             |
| genre                         | string                                             |                             |
| description                   | string                                             |                             |
| director                      | string                                             |                             |
| actors                        | string                                             |                             |
| runtime                       | int                                                |                             |
| rating                        | string                                             |                             |
| votes                         | int                                                |                             |
| revenue                       | string                                             |                             |
| metascore                     | int                                                |                             |
|                               | NULL                                               | NULL                        |
| # Partition Information       | NULL                                               | NULL                        |
| # col_name                    | data_type                                          | comment                     |
|                               | NULL                                               | NULL                        |
| year                          | string                                             |                             |
|                               | NULL                                               | NULL                        |
| # Detailed Table Information  | NULL                                               | NULL                        |
| Database:                     | default                                            | NULL                        |
| Owner:                        | root                                               | NULL                        |
| CreateTime:                   | Sun Aug 16 04:49:50 UTC 2020                       | NULL                        |
| LastAccessTime:               | UNKNOWN                                            | NULL                        |
| Retention:                    | 0                                                  | NULL                        |
| Location:                     | hdfs://namenode:8020/user/hive/warehouse/imdb_parquet_bucketed | NULL                        |
| Table Type:                   | MANAGED_TABLE                                      | NULL                        |
| Table Parameters:             | NULL                                               | NULL                        |
|                               | COLUMN_STATS_ACCURATE                              | {\"BASIC_STATS\":\"true\"}  |
|                               | numFiles                                           | 10                          |
|                               | numPartitions                                      | 1                           |
|                               | numRows                                            | 44                          |
|                               | rawDataSize                                        | 484                         |
|                               | totalSize                                          | 37612                       |
|                               | transient_lastDdlTime                              | 1597553390                  |
|                               | NULL                                               | NULL                        |
| # Storage Information         | NULL                                               | NULL                        |
| SerDe Library:                | org.apache.hadoop.hive.ql.io.parquet.serde.ParquetHiveSerDe | NULL                        |
| InputFormat:                  | org.apache.hadoop.hive.ql.io.parquet.MapredParquetInputFormat | NULL                        |
| OutputFormat:                 | org.apache.hadoop.hive.ql.io.parquet.MapredParquetOutputFormat | NULL                        |
| Compressed:                   | No                                                 | NULL                        |
| Num Buckets:                  | 10                                                 | NULL                        |
| Bucket Columns:               | [rank]                                             | NULL                        |
| Sort Columns:                 | [Order(col:metascore, order:1)]                    | NULL                        |
| Storage Desc Params:          | NULL                                               | NULL                        |
|                               | field.delim                                        | ,                           |
|                               | serialization.format                               | ,                           |
+-------------------------------+----------------------------------------------------+-----------------------------+
